2025-04-28 13:50:18,872 - INFO - Starting the Flask server...
2025-04-28 13:50:18,890 - INFO - Serving on http://0.0.0.0:5000
2025-04-28 13:50:29,079 - INFO - Image preprocessed: Resized to 224x224
2025-04-28 13:50:41,661 - INFO - Image preprocessed: Resized to 224x224
2025-04-28 13:51:45,720 - INFO - Image preprocessed: Resized to 224x224
2025-04-28 13:55:35,113 - INFO - Starting the Flask server...
2025-04-28 13:55:35,131 - INFO - Serving on http://0.0.0.0:5000
2025-04-28 13:56:03,174 - INFO - Step 1 completed in 0.01 seconds
2025-04-28 13:56:03,220 - INFO - Step 2 completed in 0.04 seconds
2025-04-28 13:56:03,224 - INFO - Image preprocessed: Resized to 224x224
2025-04-28 13:56:03,224 - INFO - Step 3 (Preprocessing) completed in 0.00 seconds
2025-04-28 13:56:03,235 - INFO - Step 4 (Blur Detection) completed in 0.01 seconds
2025-04-28 13:56:03,452 - INFO - Step 5 (Face Detection) completed in 0.22 seconds
2025-04-28 13:56:04,064 - INFO - Step 6 (Face Alignment) completed in 0.60 seconds
2025-04-28 13:56:05,551 - INFO - Step 7 (Hair Detection) completed in 1.49 seconds
2025-04-28 13:56:07,421 - INFO - Step 8 (Background Color Check) completed in 1.87 seconds
2025-04-28 13:56:14,693 - INFO - Step 9 (Shirt Color Check) completed in 7.27 seconds
2025-04-28 13:56:14,694 - INFO - All checks passed successfully
2025-04-28 13:58:03,698 - INFO - Step 1 completed in 0.02 seconds
2025-04-28 13:58:03,958 - INFO - Step 2 completed in 0.26 seconds
2025-04-28 13:58:03,962 - INFO - Image preprocessed: Resized to 224x224
2025-04-28 13:58:03,963 - INFO - Step 3 (Preprocessing) completed in 0.00 seconds
2025-04-28 13:58:04,008 - INFO - Step 4 (Blur Detection) completed in 0.04 seconds
2025-04-28 13:58:04,585 - INFO - Step 5 (Face Detection) completed in 0.58 seconds
2025-04-28 13:58:05,892 - INFO - Step 6 (Face Alignment) completed in 1.30 seconds
2025-04-28 13:58:08,922 - INFO - Step 7 (Hair Detection) completed in 3.03 seconds
2025-04-28 13:58:12,711 - INFO - Step 8 (Background Color Check) completed in 3.79 seconds
2025-04-28 13:58:15,552 - INFO - Step 9 (Shirt Color Check) completed in 2.84 seconds
2025-04-28 13:58:15,553 - INFO - All checks passed successfully
2025-04-28 13:59:39,074 - INFO - Step 1 completed in 0.00 seconds
2025-04-28 13:59:39,102 - INFO - Step 2 completed in 0.03 seconds
2025-04-28 13:59:39,104 - INFO - Image preprocessed: Resized to 224x224
2025-04-28 13:59:39,104 - INFO - Step 3 (Preprocessing) completed in 0.00 seconds
2025-04-28 13:59:39,107 - INFO - Step 4 (Blur Detection) completed in 0.00 seconds
2025-04-28 13:59:39,183 - INFO - Step 5 (Face Detection) completed in 0.07 seconds
2025-04-28 13:59:39,743 - INFO - Step 6 (Face Alignment) completed in 0.56 seconds
2025-04-28 13:59:40,676 - INFO - Step 7 (Hair Detection) completed in 0.93 seconds
2025-04-28 13:59:41,470 - INFO - Step 8 (Background Color Check) completed in 0.79 seconds
2025-04-28 13:59:43,450 - INFO - Step 9 (Shirt Color Check) completed in 1.98 seconds
2025-04-28 13:59:43,450 - INFO - All checks passed successfully
2025-04-29 09:46:36,165 - INFO - Starting the Flask server...
2025-04-29 09:46:36,519 - INFO - Serving on http://0.0.0.0:5000
2025-04-29 09:50:38,904 - INFO - Step 1 completed in 0.00 seconds
2025-04-29 09:50:39,537 - INFO - Step 2 completed in 0.63 seconds
2025-04-29 09:50:39,672 - INFO - Image preprocessed: Resized to 224x224
2025-04-29 09:50:39,673 - INFO - Step 3 (Preprocessing) completed in 0.14 seconds
2025-04-29 09:50:39,799 - INFO - Step 4 (Blur Detection) completed in 0.13 seconds
2025-04-29 09:50:40,675 - INFO - Step 5 (Face Detection) completed in 0.88 seconds
2025-04-29 09:50:40,999 - INFO - Step 6 (Face Alignment) completed in 0.32 seconds
2025-04-29 09:50:41,862 - INFO - Step 7 (Hair Detection) completed in 0.86 seconds
2025-04-29 09:50:42,477 - INFO - Step 8 (Background Color Check) completed in 0.62 seconds
2025-04-29 09:50:43,838 - INFO - Step 9 (Shirt Color Check) completed in 1.36 seconds
2025-04-29 09:50:43,838 - INFO - All checks passed successfully
2025-04-29 10:12:20,569 - INFO - Step 1 completed in 0.00 seconds
2025-04-29 10:12:20,580 - INFO - Step 2 completed in 0.01 seconds
2025-04-29 10:12:20,581 - INFO - Image preprocessed: Resized to 224x224
2025-04-29 10:12:20,581 - INFO - Step 3 (Preprocessing) completed in 0.00 seconds
2025-04-29 10:12:20,582 - INFO - Step 4 (Blur Detection) completed in 0.00 seconds
2025-04-29 10:12:20,997 - INFO - Step 5 (Face Detection) completed in 0.42 seconds
2025-04-29 10:12:21,241 - INFO - Step 6 (Face Alignment) completed in 0.24 seconds
2025-04-29 10:12:22,069 - INFO - Step 7 (Hair Detection) completed in 0.83 seconds
2025-04-29 10:12:22,470 - INFO - Step 8 (Background Color Check) completed in 0.40 seconds
2025-04-29 10:12:23,784 - INFO - Step 9 (Shirt Color Check) completed in 1.31 seconds
2025-04-29 10:12:23,785 - INFO - All checks passed successfully
2025-04-29 10:18:06,899 - INFO - Step 1 completed in 0.00 seconds
2025-04-29 10:18:06,917 - INFO - Step 2 completed in 0.02 seconds
2025-04-29 10:18:06,919 - INFO - Image preprocessed: Resized to 224x224
2025-04-29 10:18:06,920 - INFO - Step 3 (Preprocessing) completed in 0.00 seconds
2025-04-29 10:18:06,923 - INFO - Step 4 (Blur Detection) completed in 0.00 seconds
2025-04-29 10:18:06,977 - INFO - Step 5 (Face Detection) completed in 0.05 seconds
2025-04-29 10:18:07,251 - INFO - Step 6 (Face Alignment) completed in 0.27 seconds
2025-04-29 10:18:08,286 - INFO - Step 7 (Hair Detection) completed in 1.03 seconds
2025-04-29 10:18:08,835 - INFO - Step 8 (Background Color Check) completed in 0.55 seconds
2025-04-29 10:18:10,868 - INFO - Step 9 (Shirt Color Check) completed in 2.03 seconds
2025-04-29 10:18:10,869 - INFO - All checks passed successfully
2025-04-29 10:20:15,618 - INFO - Step 1 completed in 0.00 seconds
2025-04-29 10:20:15,637 - INFO - Step 2 completed in 0.02 seconds
2025-04-29 10:20:15,639 - INFO - Image preprocessed: Resized to 224x224
2025-04-29 10:20:15,641 - INFO - Step 3 (Preprocessing) completed in 0.00 seconds
2025-04-29 10:20:15,646 - INFO - Step 4 (Blur Detection) completed in 0.00 seconds
2025-04-29 10:20:15,746 - INFO - Step 5 (Face Detection) completed in 0.10 seconds
2025-04-29 10:20:22,966 - INFO - Step 1 completed in 0.00 seconds
2025-04-29 10:20:22,984 - INFO - Step 2 completed in 0.02 seconds
2025-04-29 10:20:22,988 - INFO - Image preprocessed: Resized to 224x224
2025-04-29 10:20:22,988 - INFO - Step 3 (Preprocessing) completed in 0.00 seconds
2025-04-29 10:20:22,996 - INFO - Step 4 (Blur Detection) completed in 0.01 seconds
2025-04-29 10:20:23,089 - INFO - Step 5 (Face Detection) completed in 0.09 seconds
2025-04-29 10:21:05,380 - INFO - Step 1 completed in 0.00 seconds
2025-04-29 10:21:05,403 - INFO - Step 2 completed in 0.02 seconds
2025-04-29 10:21:05,407 - INFO - Image preprocessed: Resized to 224x224
2025-04-29 10:21:05,407 - INFO - Step 3 (Preprocessing) completed in 0.00 seconds
2025-04-29 10:21:05,420 - INFO - Step 4 (Blur Detection) completed in 0.01 seconds
2025-04-29 10:21:05,494 - INFO - Step 5 (Face Detection) completed in 0.07 seconds
2025-04-29 10:29:59,904 - INFO - Starting the Flask server...
2025-04-29 10:29:59,912 - INFO - Serving on http://0.0.0.0:5000
2025-04-29 10:30:15,336 - INFO - Step 1 completed in 0.00 seconds
2025-04-29 10:30:15,352 - INFO - Step 2 completed in 0.02 seconds
2025-04-29 10:30:15,353 - INFO - Image preprocessed: Resized to 224x224
2025-04-29 10:30:15,354 - INFO - Step 3 (Preprocessing) completed in 0.00 seconds
2025-04-29 10:30:15,394 - INFO - Step 4 (Blur Detection) completed in 0.04 seconds
2025-04-29 10:30:15,518 - INFO - Step 5 (Face Detection) completed in 0.12 seconds
2025-04-29 10:30:15,683 - INFO - Step 6 (Face Alignment) completed in 0.16 seconds
2025-04-29 10:30:16,135 - INFO - Step 7 (Hair Detection) completed in 0.45 seconds
2025-04-29 10:31:26,708 - INFO - Step 1 completed in 0.00 seconds
2025-04-29 10:31:26,721 - INFO - Step 2 completed in 0.01 seconds
2025-04-29 10:31:26,722 - INFO - Image preprocessed: Resized to 224x224
2025-04-29 10:31:26,722 - INFO - Step 3 (Preprocessing) completed in 0.00 seconds
2025-04-29 10:31:26,747 - INFO - Step 4 (Blur Detection) completed in 0.02 seconds
2025-04-29 10:32:32,420 - INFO - Step 1 completed in 0.00 seconds
2025-04-29 10:32:32,434 - INFO - Step 2 completed in 0.01 seconds
2025-04-29 10:32:32,435 - INFO - Image preprocessed: Resized to 224x224
2025-04-29 10:32:32,435 - INFO - Step 3 (Preprocessing) completed in 0.00 seconds
2025-04-29 10:32:32,437 - INFO - Step 4 (Blur Detection) completed in 0.00 seconds
2025-04-29 10:33:12,972 - INFO - Step 1 completed in 0.00 seconds
2025-04-29 10:33:12,988 - INFO - Step 2 completed in 0.02 seconds
2025-04-29 10:33:12,989 - INFO - Image preprocessed: Resized to 224x224
2025-04-29 10:33:12,989 - INFO - Step 3 (Preprocessing) completed in 0.00 seconds
2025-04-29 10:33:12,994 - INFO - Step 4 (Blur Detection) completed in 0.00 seconds
2025-04-29 10:33:54,731 - INFO - Step 1 completed in 0.00 seconds
2025-04-29 10:33:54,745 - INFO - Step 2 completed in 0.01 seconds
2025-04-29 10:33:54,746 - INFO - Image preprocessed: Resized to 224x224
2025-04-29 10:33:54,746 - INFO - Step 3 (Preprocessing) completed in 0.00 seconds
2025-04-29 10:33:54,749 - INFO - Step 4 (Blur Detection) completed in 0.00 seconds
2025-04-29 10:33:54,795 - INFO - Step 5 (Face Detection) completed in 0.04 seconds
2025-04-29 10:33:55,004 - INFO - Step 6 (Face Alignment) completed in 0.21 seconds
2025-04-29 10:33:55,373 - INFO - Step 7 (Hair Detection) completed in 0.37 seconds
2025-04-29 10:33:55,805 - INFO - Step 8 (Background Color Check) completed in 0.43 seconds
2025-04-29 10:33:56,873 - INFO - Step 9 (Shirt Color Check) completed in 1.07 seconds
2025-04-29 10:33:56,873 - INFO - All checks passed successfully
2025-04-29 10:35:33,747 - INFO - Step 1 completed in 0.00 seconds
2025-04-29 10:35:33,760 - INFO - Step 2 completed in 0.01 seconds
2025-04-29 10:35:33,761 - INFO - Image preprocessed: Resized to 224x224
2025-04-29 10:35:33,761 - INFO - Step 3 (Preprocessing) completed in 0.00 seconds
2025-04-29 10:35:33,763 - INFO - Step 4 (Blur Detection) completed in 0.00 seconds
2025-04-29 10:36:23,677 - INFO - Step 1 completed in 0.00 seconds
2025-04-29 10:36:23,691 - INFO - Step 2 completed in 0.01 seconds
2025-04-29 10:36:23,692 - INFO - Image preprocessed: Resized to 224x224
2025-04-29 10:36:23,692 - INFO - Step 3 (Preprocessing) completed in 0.00 seconds
2025-04-29 10:36:23,693 - INFO - Step 4 (Blur Detection) completed in 0.00 seconds
2025-04-29 10:36:23,725 - INFO - Step 5 (Face Detection) completed in 0.03 seconds
2025-04-29 10:36:23,894 - INFO - Step 6 (Face Alignment) completed in 0.17 seconds
2025-04-29 10:36:24,588 - INFO - Step 7 (Hair Detection) completed in 0.41 seconds
2025-04-29 10:37:49,498 - INFO - Step 1 completed in 0.00 seconds
2025-04-29 10:37:49,511 - INFO - Step 2 completed in 0.01 seconds
2025-04-29 10:37:49,512 - INFO - Image preprocessed: Resized to 224x224
2025-04-29 10:37:49,512 - INFO - Step 3 (Preprocessing) completed in 0.00 seconds
2025-04-29 10:37:49,513 - INFO - Step 4 (Blur Detection) completed in 0.00 seconds
2025-04-29 10:39:19,493 - INFO - Step 1 completed in 0.00 seconds
2025-04-29 10:39:19,504 - INFO - Step 2 completed in 0.01 seconds
2025-04-29 10:39:19,505 - INFO - Image preprocessed: Resized to 224x224
2025-04-29 10:39:19,506 - INFO - Step 3 (Preprocessing) completed in 0.00 seconds
2025-04-29 10:39:19,508 - INFO - Step 4 (Blur Detection) completed in 0.00 seconds
2025-04-29 10:40:20,207 - INFO - Starting the Flask server...
2025-04-29 10:40:20,216 - INFO - Serving on http://0.0.0.0:5000
2025-04-29 10:41:03,625 - INFO - Step 1 completed in 0.00 seconds
2025-04-29 10:41:03,643 - INFO - Step 2 completed in 0.02 seconds
2025-04-29 10:41:03,648 - INFO - Image preprocessed: Resized to 224x224
2025-04-29 10:41:03,648 - INFO - Step 3 (Preprocessing) completed in 0.00 seconds
2025-04-29 10:41:03,820 - INFO - Step 4 (Blur Detection) completed in 0.17 seconds
2025-04-29 10:41:03,967 - INFO - Step 5 (Face Detection) completed in 0.15 seconds
2025-04-29 10:41:04,285 - INFO - Step 6 (Face Alignment) completed in 0.31 seconds
2025-04-29 10:41:04,824 - INFO - Step 7 (Hair Detection) completed in 0.54 seconds
2025-04-29 10:41:05,203 - INFO - Step 8 (Background Color Check) completed in 0.38 seconds
2025-04-29 10:41:06,070 - INFO - Step 9 (Shirt Color Check) completed in 0.87 seconds
2025-04-29 10:41:06,071 - INFO - All checks passed successfully
2025-04-29 10:42:11,940 - INFO - Step 1 completed in 0.00 seconds
2025-04-29 10:42:11,955 - INFO - Step 2 completed in 0.01 seconds
2025-04-29 10:42:11,957 - INFO - Image preprocessed: Resized to 224x224
2025-04-29 10:42:11,957 - INFO - Step 3 (Preprocessing) completed in 0.00 seconds
2025-04-29 10:42:11,959 - INFO - Step 4 (Blur Detection) completed in 0.00 seconds
2025-04-29 10:42:54,958 - INFO - Step 1 completed in 0.00 seconds
2025-04-29 10:42:54,973 - INFO - Step 2 completed in 0.01 seconds
2025-04-29 10:42:54,974 - INFO - Image preprocessed: Resized to 224x224
2025-04-29 10:42:54,974 - INFO - Step 3 (Preprocessing) completed in 0.00 seconds
2025-04-29 10:42:54,977 - INFO - Step 4 (Blur Detection) completed in 0.00 seconds
2025-04-29 10:42:55,032 - INFO - Step 5 (Face Detection) completed in 0.05 seconds
2025-04-29 10:42:55,530 - INFO - Step 6 (Face Alignment) completed in 0.50 seconds
2025-04-29 10:42:56,081 - INFO - Step 7 (Hair Detection) completed in 0.55 seconds
2025-04-29 10:42:56,484 - INFO - Step 8 (Background Color Check) completed in 0.40 seconds
2025-04-29 10:42:57,377 - INFO - Step 9 (Shirt Color Check) completed in 0.89 seconds
2025-04-29 10:42:57,377 - INFO - All checks passed successfully
2025-04-29 10:43:51,185 - INFO - Step 1 completed in 0.00 seconds
2025-04-29 10:43:51,200 - INFO - Step 2 completed in 0.01 seconds
2025-04-29 10:43:51,202 - INFO - Image preprocessed: Resized to 224x224
2025-04-29 10:43:51,203 - INFO - Step 3 (Preprocessing) completed in 0.00 seconds
2025-04-29 10:43:51,205 - INFO - Step 4 (Blur Detection) completed in 0.00 seconds
2025-04-29 10:43:51,236 - INFO - Step 5 (Face Detection) completed in 0.03 seconds
2025-04-29 10:43:51,381 - INFO - Step 6 (Face Alignment) completed in 0.14 seconds
2025-04-29 10:43:51,750 - INFO - Step 7 (Hair Detection) completed in 0.37 seconds
2025-04-29 10:44:31,301 - INFO - Step 1 completed in 0.00 seconds
2025-04-29 10:44:31,310 - INFO - Step 2 completed in 0.01 seconds
2025-04-29 10:44:31,312 - INFO - Image preprocessed: Resized to 224x224
2025-04-29 10:44:31,313 - INFO - Step 3 (Preprocessing) completed in 0.00 seconds
2025-04-29 10:44:31,316 - INFO - Step 4 (Blur Detection) completed in 0.00 seconds
2025-04-29 10:44:31,354 - INFO - Step 5 (Face Detection) completed in 0.04 seconds
2025-04-29 10:44:31,555 - INFO - Step 6 (Face Alignment) completed in 0.20 seconds
2025-04-29 10:44:32,001 - INFO - Step 7 (Hair Detection) completed in 0.45 seconds
2025-04-29 10:44:32,375 - INFO - Step 8 (Background Color Check) completed in 0.37 seconds
2025-04-29 10:44:33,417 - INFO - Step 9 (Shirt Color Check) completed in 1.04 seconds
2025-04-29 10:47:49,355 - INFO - Step 1 completed in 0.00 seconds
2025-04-29 10:47:49,691 - INFO - Step 2 completed in 0.34 seconds
2025-04-29 10:47:49,692 - INFO - Image preprocessed: Resized to 224x224
2025-04-29 10:47:49,692 - INFO - Step 3 (Preprocessing) completed in 0.00 seconds
2025-04-29 10:47:49,694 - INFO - Step 4 (Blur Detection) completed in 0.00 seconds
2025-04-29 10:48:55,017 - INFO - Step 1 completed in 0.00 seconds
2025-04-29 10:48:55,031 - INFO - Step 2 completed in 0.01 seconds
2025-04-29 10:48:55,032 - INFO - Image preprocessed: Resized to 224x224
2025-04-29 10:48:55,032 - INFO - Step 3 (Preprocessing) completed in 0.00 seconds
2025-04-29 10:48:55,034 - INFO - Step 4 (Blur Detection) completed in 0.00 seconds
2025-04-29 10:48:55,069 - INFO - Step 5 (Face Detection) completed in 0.03 seconds
2025-04-29 10:48:55,217 - INFO - Step 6 (Face Alignment) completed in 0.15 seconds
2025-04-29 10:48:55,621 - INFO - Step 7 (Hair Detection) completed in 0.40 seconds
2025-04-29 10:48:55,931 - INFO - Step 8 (Background Color Check) completed in 0.31 seconds
2025-04-29 10:48:56,807 - INFO - Step 9 (Shirt Color Check) completed in 0.88 seconds
2025-04-29 10:48:56,807 - INFO - All checks passed successfully
2025-04-29 10:49:47,834 - INFO - Step 1 completed in 0.00 seconds
2025-04-29 10:49:47,847 - INFO - Step 2 completed in 0.01 seconds
2025-04-29 10:49:47,848 - INFO - Image preprocessed: Resized to 224x224
2025-04-29 10:49:47,848 - INFO - Step 3 (Preprocessing) completed in 0.00 seconds
2025-04-29 10:49:47,850 - INFO - Step 4 (Blur Detection) completed in 0.00 seconds
2025-04-29 10:51:10,927 - INFO - Starting the Flask server...
2025-04-29 10:51:10,938 - INFO - Serving on http://0.0.0.0:5000
2025-04-29 10:51:25,283 - INFO - Step 1 completed in 0.00 seconds
2025-04-29 10:51:25,303 - INFO - Step 2 completed in 0.02 seconds
2025-04-29 10:51:25,304 - INFO - Image preprocessed: Resized to 224x224
2025-04-29 10:51:25,305 - INFO - Step 3 (Preprocessing) completed in 0.00 seconds
2025-04-29 10:51:25,323 - INFO - Step 4 (Blur Detection) completed in 0.02 seconds
2025-04-29 10:51:25,616 - INFO - Step 5 (Face Detection) completed in 0.29 seconds
2025-04-29 10:51:26,193 - INFO - Step 6 (Face Alignment) completed in 0.52 seconds
2025-04-29 10:51:27,566 - INFO - Step 7 (Hair Detection) completed in 1.37 seconds
2025-04-29 10:51:27,865 - INFO - Step 8 (Background Color Check) completed in 0.30 seconds
2025-04-29 10:51:28,892 - INFO - Step 9 (Shirt Color Check) completed in 1.03 seconds
2025-04-29 10:51:28,892 - INFO - All checks passed successfully
2025-04-29 11:42:30,910 - INFO - Step 1 completed in 0.00 seconds
2025-04-29 11:42:31,400 - INFO - Step 2 completed in 0.49 seconds
2025-04-29 11:42:31,402 - INFO - Image preprocessed: Resized to 224x224
2025-04-29 11:42:31,402 - INFO - Step 3 (Preprocessing) completed in 0.00 seconds
2025-04-29 11:42:31,405 - INFO - Step 4 (Blur Detection) completed in 0.00 seconds
2025-04-29 11:42:31,533 - INFO - Step 5 (Face Detection) completed in 0.13 seconds
2025-04-29 11:42:31,748 - INFO - Step 6 (Face Alignment) completed in 0.21 seconds
2025-04-29 11:42:32,316 - INFO - Step 7 (Hair Detection) completed in 0.57 seconds
2025-04-29 11:42:32,760 - INFO - Step 8 (Background Color Check) completed in 0.44 seconds
2025-04-29 11:42:34,080 - INFO - Step 9 (Shirt Color Check) completed in 1.32 seconds
2025-04-29 11:42:34,080 - INFO - All checks passed successfully
2025-04-30 11:59:03,743 - INFO - Starting the Flask server...
2025-04-30 11:59:03,754 - INFO - Serving on http://0.0.0.0:5000
2025-04-30 11:59:55,568 - INFO - Step 1 completed in 0.00 seconds
2025-04-30 11:59:55,833 - INFO - Step 2 completed in 0.26 seconds
2025-04-30 11:59:55,958 - INFO - Image preprocessed: Resized to 224x224
2025-04-30 11:59:55,958 - INFO - Step 3 (Preprocessing) completed in 0.13 seconds
2025-04-30 11:59:56,077 - INFO - Step 4 (Blur Detection) completed in 0.12 seconds
2025-04-30 11:59:56,974 - INFO - Step 5 (Face Detection) completed in 0.90 seconds
2025-04-30 11:59:57,274 - INFO - Step 6 (Face Alignment) completed in 0.30 seconds
2025-04-30 11:59:58,044 - INFO - Step 7 (Hair Detection) completed in 0.77 seconds
2025-04-30 11:59:58,440 - INFO - Step 8 (Background Color Check) completed in 0.40 seconds
2025-04-30 11:59:59,758 - INFO - Step 9 (Shirt Color Check) completed in 1.32 seconds
2025-04-30 11:59:59,758 - INFO - All checks passed successfully
2025-04-30 12:01:25,388 - INFO - Step 1 completed in 0.00 seconds
2025-04-30 12:01:25,407 - INFO - Step 2 completed in 0.02 seconds
2025-04-30 12:01:25,409 - INFO - Image preprocessed: Resized to 224x224
2025-04-30 12:01:25,409 - INFO - Step 3 (Preprocessing) completed in 0.00 seconds
2025-04-30 12:01:25,591 - INFO - Step 4 (Blur Detection) completed in 0.18 seconds
2025-04-30 12:01:25,996 - INFO - Step 5 (Face Detection) completed in 0.40 seconds
2025-04-30 12:01:26,378 - INFO - Step 6 (Face Alignment) completed in 0.36 seconds
2025-04-30 12:01:27,730 - INFO - Step 7 (Hair Detection) completed in 1.35 seconds
2025-04-30 18:08:11,525 - INFO - Starting the Flask server...
2025-04-30 18:08:11,598 - INFO - Serving on http://0.0.0.0:5000
2025-04-30 18:08:55,681 - INFO - Step 1 completed in 0.00 seconds
2025-04-30 18:08:56,169 - INFO - Step 2 completed in 0.49 seconds
2025-04-30 18:08:56,621 - INFO - Image preprocessed: Resized to 224x224
2025-04-30 18:08:56,622 - INFO - Step 3 (Preprocessing) completed in 0.45 seconds
2025-04-30 18:08:57,131 - INFO - Step 4 (Blur Detection) completed in 0.51 seconds
2025-04-30 18:08:59,068 - INFO - Step 5 (Face Detection) completed in 1.93 seconds
2025-04-30 18:08:59,663 - INFO - Step 6 (Face Alignment) completed in 0.58 seconds
2025-04-30 18:09:01,151 - INFO - Step 7 (Hair Detection) completed in 1.49 seconds
2025-05-01 10:26:46,634 - INFO - Starting the Flask server...
2025-05-01 10:26:46,680 - INFO - Serving on http://0.0.0.0:5000
2025-05-01 10:26:57,916 - INFO - Step 1 completed in 0.00 seconds
2025-05-01 10:26:58,145 - INFO - Step 2 completed in 0.23 seconds
2025-05-01 10:26:58,293 - INFO - Image preprocessed: Resized to 224x224
2025-05-01 10:26:58,294 - INFO - Step 3 (Preprocessing) completed in 0.15 seconds
2025-05-01 10:26:58,393 - INFO - Step 4 (Blur Detection) completed in 0.10 seconds
2025-05-01 10:26:58,849 - INFO - Step 5 (Face Detection) completed in 0.46 seconds
2025-05-01 10:26:59,161 - INFO - Step 6 (Face Alignment) completed in 0.31 seconds
2025-05-01 10:27:00,231 - INFO - Step 7 (Hair Detection) completed in 1.07 seconds
2025-05-01 10:28:36,196 - INFO - Step 1 completed in 0.00 seconds
2025-05-01 10:28:36,211 - INFO - Step 2 completed in 0.01 seconds
2025-05-01 10:28:36,212 - INFO - Image preprocessed: Resized to 224x224
2025-05-01 10:28:36,212 - INFO - Step 3 (Preprocessing) completed in 0.00 seconds
2025-05-01 10:28:36,214 - INFO - Step 4 (Blur Detection) completed in 0.00 seconds
2025-05-01 10:28:36,271 - INFO - Step 5 (Face Detection) completed in 0.06 seconds
2025-05-01 10:28:36,507 - INFO - Step 6 (Face Alignment) completed in 0.24 seconds
2025-05-01 10:28:37,015 - INFO - Step 7 (Hair Detection) completed in 0.51 seconds
2025-05-01 10:28:37,553 - INFO - Step 8 (Background Color Check) completed in 0.54 seconds
2025-05-01 10:28:38,859 - INFO - Step 9 (Shirt Color Check) completed in 1.31 seconds
2025-05-01 10:29:35,393 - INFO - Step 1 completed in 0.00 seconds
2025-05-01 10:29:35,409 - INFO - Step 2 completed in 0.02 seconds
2025-05-01 10:29:35,410 - INFO - Image preprocessed: Resized to 224x224
2025-05-01 10:29:35,411 - INFO - Step 3 (Preprocessing) completed in 0.00 seconds
2025-05-01 10:29:35,413 - INFO - Step 4 (Blur Detection) completed in 0.00 seconds
2025-05-01 10:29:35,451 - INFO - Step 5 (Face Detection) completed in 0.04 seconds
2025-05-01 10:29:35,623 - INFO - Step 6 (Face Alignment) completed in 0.17 seconds
2025-05-01 10:29:36,011 - INFO - Step 7 (Hair Detection) completed in 0.39 seconds
2025-05-03 09:47:03,115 - INFO - Starting the Flask server...
2025-05-03 09:47:03,178 - INFO - Serving on http://0.0.0.0:5000
2025-05-03 10:01:56,322 - INFO - Step 1 completed in 0.01 seconds
2025-05-03 10:01:57,708 - INFO - Step 2 completed in 1.38 seconds
2025-05-03 10:01:57,873 - INFO - Image preprocessed: Resized to 224x224
2025-05-03 10:01:58,167 - INFO - Step 3 (Preprocessing) completed in 0.46 seconds
2025-05-03 10:01:58,709 - INFO - Step 4 (Blur Detection) completed in 0.54 seconds
2025-05-03 10:02:08,594 - INFO - Step 5 (Face Detection) completed in 9.88 seconds
2025-05-03 10:02:22,505 - INFO - Step 6 (Face Alignment) completed in 13.90 seconds
2025-05-03 10:02:45,396 - INFO - Step 7 (Hair Detection) completed in 22.89 seconds
2025-05-03 10:02:51,193 - INFO - Step 8 (Background Color Check) completed in 5.80 seconds
2025-05-03 10:02:58,205 - INFO - Step 9 (Shirt Color Check) completed in 7.01 seconds
2025-05-03 10:02:58,206 - INFO - All checks passed successfully
2025-05-03 10:03:19,331 - INFO - Step 1 completed in 0.01 seconds
2025-05-03 10:03:19,498 - INFO - Step 2 completed in 0.17 seconds
2025-05-03 10:03:19,502 - INFO - Image preprocessed: Resized to 224x224
2025-05-03 10:03:19,508 - INFO - Step 3 (Preprocessing) completed in 0.01 seconds
2025-05-03 10:03:19,646 - INFO - Step 4 (Blur Detection) completed in 0.14 seconds
2025-05-03 10:03:20,225 - INFO - Step 5 (Face Detection) completed in 0.56 seconds
2025-05-03 10:03:25,534 - INFO - Step 6 (Face Alignment) completed in 5.23 seconds
2025-05-03 10:03:34,212 - INFO - Step 7 (Hair Detection) completed in 8.68 seconds
2025-05-03 10:03:38,649 - INFO - Step 8 (Background Color Check) completed in 4.43 seconds
2025-05-03 10:03:48,799 - INFO - Step 9 (Shirt Color Check) completed in 10.15 seconds
2025-05-03 10:03:48,800 - INFO - All checks passed successfully
2025-05-03 10:04:05,522 - INFO - Step 1 completed in 0.01 seconds
2025-05-03 10:04:05,862 - INFO - Step 2 completed in 0.34 seconds
2025-05-03 10:04:05,871 - INFO - Image preprocessed: Resized to 224x224
2025-05-03 10:04:05,873 - INFO - Step 3 (Preprocessing) completed in 0.01 seconds
2025-05-03 10:04:06,112 - INFO - Step 4 (Blur Detection) completed in 0.24 seconds
2025-05-03 10:04:06,789 - INFO - Step 5 (Face Detection) completed in 0.68 seconds
2025-05-03 10:04:11,987 - INFO - Step 6 (Face Alignment) completed in 5.01 seconds
2025-05-03 10:04:22,277 - INFO - Step 7 (Hair Detection) completed in 10.29 seconds
2025-05-03 10:04:29,070 - INFO - Step 8 (Background Color Check) completed in 6.79 seconds
2025-05-03 10:04:41,405 - INFO - Step 9 (Shirt Color Check) completed in 12.33 seconds
2025-05-03 10:04:41,406 - INFO - All checks passed successfully
2025-05-03 11:14:01,469 - INFO - Starting the Flask server...
2025-05-03 11:14:01,587 - INFO - Serving on http://0.0.0.0:5000
2025-05-03 11:16:03,122 - INFO - Step 1 completed in 0.03 seconds
2025-05-03 11:16:03,713 - INFO - Step 2 completed in 0.59 seconds
2025-05-03 11:16:04,123 - INFO - Image preprocessed: Resized to 224x224
2025-05-03 11:16:04,124 - INFO - Step 3 (Preprocessing) completed in 0.41 seconds
2025-05-03 11:16:04,554 - INFO - Step 4 (Blur Detection) completed in 0.43 seconds
2025-05-03 11:16:08,088 - INFO - Step 5 (Face Detection) completed in 3.53 seconds
2025-05-03 11:16:13,670 - INFO - Step 6 (Face Alignment) completed in 5.42 seconds
2025-05-03 11:16:30,694 - INFO - Step 7 (Hair Detection) completed in 17.02 seconds
2025-05-03 11:16:40,133 - INFO - Step 8 (Background Color Check) completed in 9.44 seconds
2025-05-03 11:16:49,807 - INFO - Step 9 (Shirt Color Check) completed in 9.67 seconds
2025-05-03 11:16:49,808 - INFO - All checks passed successfully
2025-05-03 11:17:04,813 - INFO - Step 1 completed in 0.01 seconds
2025-05-03 11:17:05,089 - INFO - Step 2 completed in 0.28 seconds
2025-05-03 11:17:05,094 - INFO - Image preprocessed: Resized to 224x224
2025-05-03 11:17:05,109 - INFO - Step 3 (Preprocessing) completed in 0.02 seconds
2025-05-03 11:17:05,292 - INFO - Step 4 (Blur Detection) completed in 0.18 seconds
2025-05-03 11:17:06,291 - INFO - Step 5 (Face Detection) completed in 1.00 seconds
2025-05-03 11:17:08,825 - INFO - Step 6 (Face Alignment) completed in 2.38 seconds
2025-05-03 11:17:12,904 - INFO - Step 7 (Hair Detection) completed in 4.08 seconds
2025-05-03 11:17:18,982 - INFO - Step 8 (Background Color Check) completed in 6.08 seconds
2025-05-03 11:17:27,999 - INFO - Step 9 (Shirt Color Check) completed in 9.02 seconds
2025-05-03 11:17:28,000 - INFO - All checks passed successfully
2025-05-03 11:17:41,147 - INFO - Step 1 completed in 0.01 seconds
2025-05-03 11:17:41,321 - INFO - Step 2 completed in 0.17 seconds
2025-05-03 11:17:41,326 - INFO - Image preprocessed: Resized to 224x224
2025-05-03 11:17:41,328 - INFO - Step 3 (Preprocessing) completed in 0.01 seconds
2025-05-03 11:17:41,405 - INFO - Step 4 (Blur Detection) completed in 0.08 seconds
2025-05-03 11:17:41,805 - INFO - Step 5 (Face Detection) completed in 0.40 seconds
2025-05-03 11:17:44,029 - INFO - Step 6 (Face Alignment) completed in 2.12 seconds
2025-05-03 11:17:49,333 - INFO - Step 7 (Hair Detection) completed in 5.30 seconds
2025-05-03 11:17:53,815 - INFO - Step 8 (Background Color Check) completed in 4.48 seconds
2025-05-03 11:18:05,063 - INFO - Step 9 (Shirt Color Check) completed in 11.25 seconds
2025-05-03 11:18:05,065 - INFO - All checks passed successfully
2025-05-03 11:18:32,395 - INFO - Step 1 completed in 0.01 seconds
2025-05-03 11:18:32,633 - INFO - Step 2 completed in 0.24 seconds
2025-05-03 11:18:32,642 - INFO - Image preprocessed: Resized to 224x224
2025-05-03 11:18:32,645 - INFO - Step 3 (Preprocessing) completed in 0.01 seconds
2025-05-03 11:18:32,801 - INFO - Step 4 (Blur Detection) completed in 0.15 seconds
2025-05-03 11:18:33,585 - INFO - Step 5 (Face Detection) completed in 0.78 seconds
2025-05-03 11:18:36,969 - INFO - Step 6 (Face Alignment) completed in 3.27 seconds
2025-05-03 11:18:42,518 - INFO - Step 7 (Hair Detection) completed in 5.55 seconds
2025-05-03 11:18:46,596 - INFO - Step 8 (Background Color Check) completed in 4.08 seconds
2025-05-03 11:18:58,002 - INFO - Step 9 (Shirt Color Check) completed in 11.41 seconds
2025-05-03 11:18:58,004 - INFO - All checks passed successfully
2025-05-03 11:19:36,456 - INFO - Step 1 completed in 0.01 seconds
2025-05-03 11:19:36,719 - INFO - Step 2 completed in 0.26 seconds
2025-05-03 11:19:36,724 - INFO - Image preprocessed: Resized to 224x224
2025-05-03 11:19:36,725 - INFO - Step 3 (Preprocessing) completed in 0.00 seconds
2025-05-03 11:19:36,799 - INFO - Step 4 (Blur Detection) completed in 0.07 seconds
2025-05-03 11:19:37,428 - INFO - Step 5 (Face Detection) completed in 0.63 seconds
2025-05-03 11:19:40,298 - INFO - Step 6 (Face Alignment) completed in 2.82 seconds
2025-05-03 11:19:48,489 - INFO - Step 7 (Hair Detection) completed in 8.19 seconds
2025-05-03 11:19:53,947 - INFO - Step 8 (Background Color Check) completed in 5.46 seconds
2025-05-03 11:20:06,392 - INFO - Step 9 (Shirt Color Check) completed in 12.44 seconds
2025-05-03 11:20:06,393 - INFO - All checks passed successfully
2025-05-03 11:20:21,340 - INFO - Step 1 completed in 0.01 seconds
2025-05-03 11:20:21,569 - INFO - Step 2 completed in 0.23 seconds
2025-05-03 11:20:21,574 - INFO - Image preprocessed: Resized to 224x224
2025-05-03 11:20:21,575 - INFO - Step 3 (Preprocessing) completed in 0.00 seconds
2025-05-03 11:20:21,758 - INFO - Step 4 (Blur Detection) completed in 0.18 seconds
2025-05-03 11:20:23,610 - INFO - Step 5 (Face Detection) completed in 1.85 seconds
2025-05-03 11:20:28,222 - INFO - Step 6 (Face Alignment) completed in 4.46 seconds
2025-05-03 11:20:36,091 - INFO - Step 7 (Hair Detection) completed in 7.87 seconds
2025-05-03 11:20:40,940 - INFO - Step 8 (Background Color Check) completed in 4.85 seconds
2025-05-03 11:20:52,387 - INFO - Step 9 (Shirt Color Check) completed in 11.44 seconds
2025-05-03 11:20:52,388 - INFO - All checks passed successfully
2025-05-03 11:23:32,353 - INFO - Step 1 completed in 0.01 seconds
2025-05-03 11:23:32,770 - INFO - Step 2 completed in 0.42 seconds
2025-05-03 11:23:32,776 - INFO - Image preprocessed: Resized to 224x224
2025-05-03 11:23:32,777 - INFO - Step 3 (Preprocessing) completed in 0.01 seconds
2025-05-03 11:23:33,203 - INFO - Step 4 (Blur Detection) completed in 0.42 seconds
2025-05-03 11:23:35,363 - INFO - Step 5 (Face Detection) completed in 2.16 seconds
2025-05-03 11:23:38,978 - INFO - Step 6 (Face Alignment) completed in 3.31 seconds
2025-05-03 11:23:47,323 - INFO - Step 7 (Hair Detection) completed in 8.34 seconds
2025-05-03 11:23:53,140 - INFO - Step 8 (Background Color Check) completed in 5.82 seconds
2025-05-03 11:24:07,254 - INFO - Step 9 (Shirt Color Check) completed in 14.11 seconds
2025-05-03 11:24:07,255 - INFO - All checks passed successfully
2025-05-03 11:29:19,091 - INFO - Step 1 completed in 0.01 seconds
2025-05-03 11:29:19,269 - INFO - Step 2 completed in 0.18 seconds
2025-05-03 11:29:19,279 - INFO - Image preprocessed: Resized to 224x224
2025-05-03 11:29:19,280 - INFO - Step 3 (Preprocessing) completed in 0.01 seconds
2025-05-03 11:29:19,364 - INFO - Step 4 (Blur Detection) completed in 0.08 seconds
2025-05-03 11:29:19,540 - INFO - Step 5 (Face Detection) completed in 0.17 seconds
2025-05-03 11:29:21,063 - INFO - Step 6 (Face Alignment) completed in 1.50 seconds
2025-05-03 11:29:26,520 - INFO - Step 7 (Hair Detection) completed in 5.46 seconds
2025-05-03 11:29:31,623 - INFO - Step 8 (Background Color Check) completed in 5.10 seconds
2025-05-03 11:29:42,418 - INFO - Step 9 (Shirt Color Check) completed in 10.79 seconds
2025-05-03 11:29:42,419 - INFO - All checks passed successfully
